# JRE version: Java(TM) SE Runtime Environment (8.0_181-b13) (build 1.8.0_181-b13)
# Java VM: Java HotSpot(TM) 64-Bit Server VM (25.181-b13 mixed mode linux-amd64 compressed oops)
Heap:
 PSYoungGen      total 112128K, used 7669K [0x00000000d7180000, 0x00000000dfa00000, 0x0000000100000000)
  eden space 104448K, 0% used [0x00000000d7180000,0x00000000d7180000,0x00000000dd780000)
  from space 7680K, 99% used [0x00000000deb00000,0x00000000df27d4e0,0x00000000df280000)
  to   space 5120K, 0% used [0x00000000df500000,0x00000000df500000,0x00000000dfa00000)
 ParOldGen       total 51712K, used 8233K [0x0000000085400000, 0x0000000088680000, 0x00000000d7180000)
  object space 51712K, 15% used [0x0000000085400000,0x0000000085c0a4e0,0x0000000088680000)
 Metaspace       used 29062K, capacity 30752K, committed 30848K, reserved 1075200K
  class space    used 3899K, capacity 4223K, committed 4224K, reserved 1048576K
GC Heap History (10 events):
Event: 1.423 GC heap after
Heap after GC invocations=3 (full 0):
 PSYoungGen      total 36864K, used 5094K [0x00000000d7180000, 0x00000000db980000, 0x0000000100000000)
  eden space 31744K, 0% used [0x00000000d7180000,0x00000000d7180000,0x00000000d9080000)
  from space 5120K, 99% used [0x00000000d9080000,0x00000000d9579b60,0x00000000d9580000)
  to   space 5120K, 0% used [0x00000000db480000,0x00000000db480000,0x00000000db980000)
 ParOldGen       total 84992K, used 715K [0x0000000085400000, 0x000000008a700000, 0x00000000d7180000)
  object space 84992K, 0% used [0x0000000085400000,0x00000000854b2f90,0x000000008a700000)
 Metaspace       used 15708K, capacity 16714K, committed 16896K, reserved 1064960K
  class space    used 2000K, capacity 2226K, committed 2304K, reserved 1048576K
}
Event: 1.635 GC heap before
{Heap before GC invocations=4 (full 0):
 PSYoungGen      total 36864K, used 36838K [0x00000000d7180000, 0x00000000db980000, 0x0000000100000000)
  eden space 31744K, 100% used [0x00000000d7180000,0x00000000d9080000,0x00000000d9080000)
  from space 5120K, 99% used [0x00000000d9080000,0x00000000d9579b60,0x00000000d9580000)
  to   space 5120K, 0% used [0x00000000db480000,0x00000000db480000,0x00000000db980000)
 ParOldGen       total 84992K, used 715K [0x0000000085400000, 0x000000008a700000, 0x00000000d7180000)
  object space 84992K, 0% used [0x0000000085400000,0x00000000854b2f90,0x000000008a700000)
 Metaspace       used 17933K, capacity 19170K, committed 19328K, reserved 1067008K
  class space    used 2402K, capacity 2660K, committed 2688K, reserved 1048576K
Event: 1.645 GC heap after
Heap after GC invocations=4 (full 0):
 PSYoungGen      total 68608K, used 5094K [0x00000000d7180000, 0x00000000db980000, 0x0000000100000000)
  eden space 63488K, 0% used [0x00000000d7180000,0x00000000d7180000,0x00000000daf80000)
  from space 5120K, 99% used [0x00000000db480000,0x00000000db979838,0x00000000db980000)
  to   space 5120K, 0% used [0x00000000daf80000,0x00000000daf80000,0x00000000db480000)
 ParOldGen       total 84992K, used 1591K [0x0000000085400000, 0x000000008a700000, 0x00000000d7180000)
  object space 84992K, 1% used [0x0000000085400000,0x000000008558dd78,0x000000008a700000)
 Metaspace       used 17933K, capacity 19170K, committed 19328K, reserved 1067008K
  class space    used 2402K, capacity 2660K, committed 2688K, reserved 1048576K
}
Event: 1.811 GC heap before
{Heap before GC invocations=5 (full 0):
 PSYoungGen      total 68608K, used 36429K [0x00000000d7180000, 0x00000000db980000, 0x0000000100000000)
  eden space 63488K, 49% used [0x00000000d7180000,0x00000000d9019f10,0x00000000daf80000)
  from space 5120K, 99% used [0x00000000db480000,0x00000000db979838,0x00000000db980000)
  to   space 5120K, 0% used [0x00000000daf80000,0x00000000daf80000,0x00000000db480000)
 ParOldGen       total 84992K, used 1591K [0x0000000085400000, 0x000000008a700000, 0x00000000d7180000)
  object space 84992K, 1% used [0x0000000085400000,0x000000008558dd78,0x000000008a700000)
 Metaspace       used 19933K, capacity 21124K, committed 21248K, reserved 1067008K
  class space    used 2723K, capacity 2981K, committed 3072K, reserved 1048576K
Event: 1.817 GC heap after
Heap after GC invocations=5 (full 0):
 PSYoungGen      total 68608K, used 5106K [0x00000000d7180000, 0x00000000dfc80000, 0x0000000100000000)
  eden space 63488K, 0% used [0x00000000d7180000,0x00000000d7180000,0x00000000daf80000)
  from space 5120K, 99% used [0x00000000daf80000,0x00000000db47ca58,0x00000000db480000)
  to   space 7680K, 0% used [0x00000000df500000,0x00000000df500000,0x00000000dfc80000)
 ParOldGen       total 84992K, used 3422K [0x0000000085400000, 0x000000008a700000, 0x00000000d7180000)
  object space 84992K, 4% used [0x0000000085400000,0x0000000085757a60,0x000000008a700000)
 Metaspace       used 19933K, capacity 21124K, committed 21248K, reserved 1067008K
  class space    used 2723K, capacity 2981K, committed 3072K, reserved 1048576K
}
Event: 1.817 GC heap before
{Heap before GC invocations=6 (full 1):
 PSYoungGen      total 68608K, used 5106K [0x00000000d7180000, 0x00000000dfc80000, 0x0000000100000000)
  eden space 63488K, 0% used [0x00000000d7180000,0x00000000d7180000,0x00000000daf80000)
  from space 5120K, 99% used [0x00000000daf80000,0x00000000db47ca58,0x00000000db480000)
  to   space 7680K, 0% used [0x00000000df500000,0x00000000df500000,0x00000000dfc80000)
 ParOldGen       total 84992K, used 3422K [0x0000000085400000, 0x000000008a700000, 0x00000000d7180000)
  object space 84992K, 4% used [0x0000000085400000,0x0000000085757a60,0x000000008a700000)
 Metaspace       used 19933K, capacity 21124K, committed 21248K, reserved 1067008K
  class space    used 2723K, capacity 2981K, committed 3072K, reserved 1048576K
Event: 1.843 GC heap after
Heap after GC invocations=6 (full 1):
 PSYoungGen      total 68608K, used 0K [0x00000000d7180000, 0x00000000dfc80000, 0x0000000100000000)
  eden space 63488K, 0% used [0x00000000d7180000,0x00000000d7180000,0x00000000daf80000)
  from space 5120K, 0% used [0x00000000daf80000,0x00000000daf80000,0x00000000db480000)
  to   space 7680K, 0% used [0x00000000df500000,0x00000000df500000,0x00000000dfc80000)
 ParOldGen       total 51712K, used 6744K [0x0000000085400000, 0x0000000088680000, 0x00000000d7180000)
  object space 51712K, 13% used [0x0000000085400000,0x0000000085a961e8,0x0000000088680000)
 Metaspace       used 19928K, capacity 21118K, committed 21248K, reserved 1067008K
  class space    used 2721K, capacity 2978K, committed 3072K, reserved 1048576K
}
Event: 2.119 GC heap before
{Heap before GC invocations=7 (full 1):
 PSYoungGen      total 68608K, used 63436K [0x00000000d7180000, 0x00000000dfc80000, 0x0000000100000000)
  eden space 63488K, 99% used [0x00000000d7180000,0x00000000daf730c8,0x00000000daf80000)
  from space 5120K, 0% used [0x00000000daf80000,0x00000000daf80000,0x00000000db480000)
  to   space 7680K, 0% used [0x00000000df500000,0x00000000df500000,0x00000000dfc80000)
 ParOldGen       total 51712K, used 6744K [0x0000000085400000, 0x0000000088680000, 0x00000000d7180000)
  object space 51712K, 13% used [0x0000000085400000,0x0000000085a961e8,0x0000000088680000)
 Metaspace       used 23711K, capacity 25036K, committed 25344K, reserved 1071104K
  class space    used 3163K, capacity 3461K, committed 3584K, reserved 1048576K
Event: 2.126 GC heap after
Heap after GC invocations=7 (full 1):
 PSYoungGen      total 109568K, used 4785K [0x00000000d7180000, 0x00000000dfa00000, 0x0000000100000000)
  eden space 104448K, 0% used [0x00000000d7180000,0x00000000d7180000,0x00000000dd780000)
  from space 5120K, 93% used [0x00000000df500000,0x00000000df9ac580,0x00000000dfa00000)
  to   space 7680K, 0% used [0x00000000deb00000,0x00000000deb00000,0x00000000df280000)
 ParOldGen       total 51712K, used 6744K [0x0000000085400000, 0x0000000088680000, 0x00000000d7180000)
  object space 51712K, 13% used [0x0000000085400000,0x0000000085a961e8,0x0000000088680000)
 Metaspace       used 23711K, capacity 25036K, committed 25344K, reserved 1071104K
  class space    used 3163K, capacity 3461K, committed 3584K, reserved 1048576K
}
Event: 541.730 GC heap before
{Heap before GC invocations=8 (full 1):
 PSYoungGen      total 109568K, used 109233K [0x00000000d7180000, 0x00000000dfa00000, 0x0000000100000000)
  eden space 104448K, 100% used [0x00000000d7180000,0x00000000dd780000,0x00000000dd780000)
  from space 5120K, 93% used [0x00000000df500000,0x00000000df9ac580,0x00000000dfa00000)
  to   space 7680K, 0% used [0x00000000deb00000,0x00000000deb00000,0x00000000df280000)
 ParOldGen       total 51712K, used 6744K [0x0000000085400000, 0x0000000088680000, 0x00000000d7180000)
  object space 51712K, 13% used [0x0000000085400000,0x0000000085a961e8,0x0000000088680000)
 Metaspace       used 29062K, capacity 30752K, committed 30848K, reserved 1075200K
  class space    used 3899K, capacity 4223K, committed 4224K, reserved 1048576K

